# JRE version: OpenJDK Runtime Environment (8.0_242-b01) (build 1.8.0_242-release-1644-b01)
# Java VM: OpenJDK 64-Bit Server VM (25.242-b01 mixed mode windows-amd64 compressed oops)
Heap:
 PSYoungGen      total 548864K, used 136066K [0x00000000d5580000, 0x00000000fee00000, 0x0000000100000000)
  eden space 417280K, 27% used [0x00000000d5580000,0x00000000dc493410,0x00000000eed00000)
  from space 131584K, 16% used [0x00000000eed00000,0x00000000f02cd5e0,0x00000000f6d80000)
  to   space 118272K, 0% used [0x00000000f7a80000,0x00000000f7a80000,0x00000000fee00000)
 ParOldGen       total 354304K, used 121370K [0x0000000080000000, 0x0000000095a00000, 0x00000000d5580000)
  object space 354304K, 34% used [0x0000000080000000,0x0000000087686a58,0x0000000095a00000)
 Metaspace       used 324249K, capacity 336576K, committed 337996K, reserved 1345536K
  class space    used 38628K, capacity 40757K, committed 41088K, reserved 1048576K
GC Heap History (10 events):
Event: 38379.621 GC heap before
{Heap before GC invocations=132 (full 15):
 PSYoungGen      total 558080K, used 515530K [0x00000000d5580000, 0x0000000100000000, 0x0000000100000000)
  eden space 435712K, 100% used [0x00000000d5580000,0x00000000eff00000,0x00000000eff00000)
  from space 122368K, 65% used [0x00000000f7d00000,0x00000000fcaf29d0,0x00000000ff480000)
  to   space 129024K, 0% used [0x00000000eff00000,0x00000000eff00000,0x00000000f7d00000)
 ParOldGen       total 354304K, used 121354K [0x0000000080000000, 0x0000000095a00000, 0x00000000d5580000)
  object space 354304K, 34% used [0x0000000080000000,0x0000000087682a58,0x0000000095a00000)
 Metaspace       used 308189K, capacity 319830K, committed 322764K, reserved 1333248K
  class space    used 36793K, capacity 38808K, committed 39424K, reserved 1048576K
Event: 38379.646 GC heap after
Heap after GC invocations=132 (full 15):
 PSYoungGen      total 564736K, used 15553K [0x00000000d5580000, 0x00000000fff80000, 0x0000000100000000)
  eden space 435712K, 0% used [0x00000000d5580000,0x00000000d5580000,0x00000000eff00000)
  from space 129024K, 12% used [0x00000000eff00000,0x00000000f0e30630,0x00000000f7d00000)
  to   space 125440K, 0% used [0x00000000f8500000,0x00000000f8500000,0x00000000fff80000)
 ParOldGen       total 354304K, used 121354K [0x0000000080000000, 0x0000000095a00000, 0x00000000d5580000)
  object space 354304K, 34% used [0x0000000080000000,0x0000000087682a58,0x0000000095a00000)
 Metaspace       used 308189K, capacity 319830K, committed 322764K, reserved 1333248K
  class space    used 36793K, capacity 38808K, committed 39424K, reserved 1048576K
}
Event: 38383.208 GC heap before
{Heap before GC invocations=133 (full 15):
 PSYoungGen      total 564736K, used 451265K [0x00000000d5580000, 0x00000000fff80000, 0x0000000100000000)
  eden space 435712K, 100% used [0x00000000d5580000,0x00000000eff00000,0x00000000eff00000)
  from space 129024K, 12% used [0x00000000eff00000,0x00000000f0e30630,0x00000000f7d00000)
  to   space 125440K, 0% used [0x00000000f8500000,0x00000000f8500000,0x00000000fff80000)
 ParOldGen       total 354304K, used 121354K [0x0000000080000000, 0x0000000095a00000, 0x00000000d5580000)
  object space 354304K, 34% used [0x0000000080000000,0x0000000087682a58,0x0000000095a00000)
 Metaspace       used 312658K, capacity 324488K, committed 326988K, reserved 1337344K
  class space    used 37269K, capacity 39313K, committed 39808K, reserved 1048576K
Event: 38383.345 GC heap after
Heap after GC invocations=133 (full 15):
 PSYoungGen      total 534528K, used 116871K [0x00000000d5580000, 0x0000000100000000, 0x0000000100000000)
  eden space 409088K, 0% used [0x00000000d5580000,0x00000000d5580000,0x00000000ee500000)
  from space 125440K, 93% used [0x00000000f8500000,0x00000000ff721fb8,0x00000000fff80000)
  to   space 144896K, 0% used [0x00000000ee500000,0x00000000ee500000,0x00000000f7280000)
 ParOldGen       total 354304K, used 121354K [0x0000000080000000, 0x0000000095a00000, 0x00000000d5580000)
  object space 354304K, 34% used [0x0000000080000000,0x0000000087682a58,0x0000000095a00000)
 Metaspace       used 312658K, capacity 324488K, committed 326988K, reserved 1337344K
  class space    used 37269K, capacity 39313K, committed 39808K, reserved 1048576K
}
Event: 38387.995 GC heap before
{Heap before GC invocations=134 (full 15):
 PSYoungGen      total 534528K, used 525959K [0x00000000d5580000, 0x0000000100000000, 0x0000000100000000)
  eden space 409088K, 100% used [0x00000000d5580000,0x00000000ee500000,0x00000000ee500000)
  from space 125440K, 93% used [0x00000000f8500000,0x00000000ff721fb8,0x00000000fff80000)
  to   space 144896K, 0% used [0x00000000ee500000,0x00000000ee500000,0x00000000f7280000)
 ParOldGen       total 354304K, used 121354K [0x0000000080000000, 0x0000000095a00000, 0x00000000d5580000)
  object space 354304K, 34% used [0x0000000080000000,0x0000000087682a58,0x0000000095a00000)
 Metaspace       used 316125K, capacity 327986K, committed 330188K, reserved 1339392K
  class space    used 37694K, capacity 39752K, committed 40192K, reserved 1048576K
Event: 38388.033 GC heap after
Heap after GC invocations=134 (full 15):
 PSYoungGen      total 553984K, used 41703K [0x00000000d5580000, 0x0000000100000000, 0x0000000100000000)
  eden space 409088K, 0% used [0x00000000d5580000,0x00000000d5580000,0x00000000ee500000)
  from space 144896K, 28% used [0x00000000ee500000,0x00000000f0db9ef8,0x00000000f7280000)
  to   space 136704K, 0% used [0x00000000f7a80000,0x00000000f7a80000,0x0000000100000000)
 ParOldGen       total 354304K, used 121362K [0x0000000080000000, 0x0000000095a00000, 0x00000000d5580000)
  object space 354304K, 34% used [0x0000000080000000,0x0000000087684a58,0x0000000095a00000)
 Metaspace       used 316125K, capacity 327986K, committed 330188K, reserved 1339392K
  class space    used 37694K, capacity 39752K, committed 40192K, reserved 1048576K
}
Event: 38531.030 GC heap before
{Heap before GC invocations=135 (full 15):
 PSYoungGen      total 553984K, used 450791K [0x00000000d5580000, 0x0000000100000000, 0x0000000100000000)
  eden space 409088K, 100% used [0x00000000d5580000,0x00000000ee500000,0x00000000ee500000)
  from space 144896K, 28% used [0x00000000ee500000,0x00000000f0db9ef8,0x00000000f7280000)
  to   space 136704K, 0% used [0x00000000f7a80000,0x00000000f7a80000,0x0000000100000000)
 ParOldGen       total 354304K, used 121362K [0x0000000080000000, 0x0000000095a00000, 0x00000000d5580000)
  object space 354304K, 34% used [0x0000000080000000,0x0000000087684a58,0x0000000095a00000)
 Metaspace       used 316217K, capacity 328158K, committed 330444K, reserved 1339392K
  class space    used 37704K, capacity 39770K, committed 40192K, reserved 1048576K
Event: 38531.061 GC heap after
Heap after GC invocations=135 (full 15):
 PSYoungGen      total 535552K, used 25563K [0x00000000d5580000, 0x00000000fee00000, 0x0000000100000000)
  eden space 417280K, 0% used [0x00000000d5580000,0x00000000d5580000,0x00000000eed00000)
  from space 118272K, 21% used [0x00000000f7a80000,0x00000000f9376f38,0x00000000fee00000)
  to   space 131584K, 0% used [0x00000000eed00000,0x00000000eed00000,0x00000000f6d80000)
 ParOldGen       total 354304K, used 121362K [0x0000000080000000, 0x0000000095a00000, 0x00000000d5580000)
  object space 354304K, 34% used [0x0000000080000000,0x0000000087684a58,0x0000000095a00000)
 Metaspace       used 316217K, capacity 328158K, committed 330444K, reserved 1339392K
  class space    used 37704K, capacity 39770K, committed 40192K, reserved 1048576K
}
Event: 38646.758 GC heap before
{Heap before GC invocations=136 (full 15):
 PSYoungGen      total 535552K, used 442843K [0x00000000d5580000, 0x00000000fee00000, 0x0000000100000000)
  eden space 417280K, 100% used [0x00000000d5580000,0x00000000eed00000,0x00000000eed00000)
  from space 118272K, 21% used [0x00000000f7a80000,0x00000000f9376f38,0x00000000fee00000)
  to   space 131584K, 0% used [0x00000000eed00000,0x00000000eed00000,0x00000000f6d80000)
 ParOldGen       total 354304K, used 121362K [0x0000000080000000, 0x0000000095a00000, 0x00000000d5580000)
  object space 354304K, 34% used [0x0000000080000000,0x0000000087684a58,0x0000000095a00000)
 Metaspace       used 316617K, capacity 328852K, committed 330444K, reserved 1339392K
  class space    used 37766K, capacity 39885K, committed 40192K, reserved 1048576K
Event: 38646.787 GC heap after
Heap after GC invocations=136 (full 15):
 PSYoungGen      total 548864K, used 22325K [0x00000000d5580000, 0x00000000fee00000, 0x0000000100000000)
  eden space 417280K, 0% used [0x00000000d5580000,0x00000000d5580000,0x00000000eed00000)
  from space 131584K, 16% used [0x00000000eed00000,0x00000000f02cd5e0,0x00000000f6d80000)
  to   space 118272K, 0% used [0x00000000f7a80000,0x00000000f7a80000,0x00000000fee00000)
 ParOldGen       total 354304K, used 121370K [0x0000000080000000, 0x0000000095a00000, 0x00000000d5580000)
  object space 354304K, 34% used [0x0000000080000000,0x0000000087686a58,0x0000000095a00000)
 Metaspace       used 316617K, capacity 328852K, committed 330444K, reserved 1339392K
  class space    used 37766K, capacity 39885K, committed 40192K, reserved 1048576K
}

